<?xml version="1.0" encoding="UTF-8"?>
<!-- Generated by org.testng.reporters.JUnitXMLReporter -->
<testsuite ignored="1" hostname="DESKTOP-TRF2919" failures="0" tests="1" name="Default test" time="20.685" errors="0" timestamp="2020-04-17T11:13:40 IST">
  <testcase classname="flipTestCases.LoginPageTest" name="loginPageTitleTest" time="0.047"/>
  <testcase classname="flipTestCases.LoginPageTest" name="loginTest" time="0.0">
    <ignored/>
  </testcase> <!-- loginTest -->
</testsuite> <!-- Default test -->
