<?xml version="1.0" encoding="UTF-8"?>
<testng-results ignored="0" total="8" passed="7" failed="1" skipped="0">
  <reporter-output>
  </reporter-output>
  <suite started-at="2020-07-26T03:05:00 IST" name="Flipkart Automation" finished-at="2020-07-26T03:08:25 IST" duration-ms="204901">
    <groups>
    </groups>
    <test started-at="2020-07-26T03:05:00 IST" name="Flipkart Maven Test" finished-at="2020-07-26T03:08:25 IST" duration-ms="204901">
      <class name="flipTestCases.HomePageTest">
        <test-method is-config="true" signature="setUp()[pri:0, instance:flipTestCases.HomePageTest@2b4bac49]" started-at="2020-07-26T03:05:45 IST" name="setUp" finished-at="2020-07-26T03:06:02 IST" duration-ms="16614" status="PASS">
          <reporter-output>
          </reporter-output>
        </test-method> <!-- setUp -->
        <test-method signature="homePageTest()[pri:1, instance:flipTestCases.HomePageTest@2b4bac49]" started-at="2020-07-26T03:06:02 IST" name="homePageTest" finished-at="2020-07-26T03:06:03 IST" duration-ms="1736" status="PASS">
          <reporter-output>
          </reporter-output>
        </test-method> <!-- homePageTest -->
        <test-method is-config="true" signature="tearDown()[pri:0, instance:flipTestCases.HomePageTest@2b4bac49]" started-at="2020-07-26T03:06:03 IST" name="tearDown" finished-at="2020-07-26T03:06:05 IST" duration-ms="1443" status="PASS">
          <reporter-output>
          </reporter-output>
        </test-method> <!-- tearDown -->
        <test-method is-config="true" signature="setUp()[pri:0, instance:flipTestCases.HomePageTest@2b4bac49]" started-at="2020-07-26T03:06:05 IST" name="setUp" finished-at="2020-07-26T03:06:25 IST" duration-ms="20533" status="PASS">
          <reporter-output>
          </reporter-output>
        </test-method> <!-- setUp -->
        <test-method signature="verifyFlipTest()[pri:2, instance:flipTestCases.HomePageTest@2b4bac49]" started-at="2020-07-26T03:06:25 IST" name="verifyFlipTest" finished-at="2020-07-26T03:06:28 IST" duration-ms="2587" status="PASS">
          <reporter-output>
          </reporter-output>
        </test-method> <!-- verifyFlipTest -->
        <test-method is-config="true" signature="tearDown()[pri:0, instance:flipTestCases.HomePageTest@2b4bac49]" started-at="2020-07-26T03:06:28 IST" name="tearDown" finished-at="2020-07-26T03:06:30 IST" duration-ms="1925" status="PASS">
          <reporter-output>
          </reporter-output>
        </test-method> <!-- tearDown -->
        <test-method is-config="true" signature="setUp()[pri:0, instance:flipTestCases.HomePageTest@2b4bac49]" started-at="2020-07-26T03:06:30 IST" name="setUp" finished-at="2020-07-26T03:06:47 IST" duration-ms="17333" status="PASS">
          <reporter-output>
          </reporter-output>
        </test-method> <!-- setUp -->
        <test-method signature="electronicsPageTest()[pri:3, instance:flipTestCases.HomePageTest@2b4bac49]" started-at="2020-07-26T03:06:47 IST" name="electronicsPageTest" finished-at="2020-07-26T03:06:49 IST" duration-ms="2062" status="PASS">
          <reporter-output>
          </reporter-output>
        </test-method> <!-- electronicsPageTest -->
        <test-method is-config="true" signature="tearDown()[pri:0, instance:flipTestCases.HomePageTest@2b4bac49]" started-at="2020-07-26T03:06:49 IST" name="tearDown" finished-at="2020-07-26T03:06:51 IST" duration-ms="1233" status="PASS">
          <reporter-output>
          </reporter-output>
        </test-method> <!-- tearDown -->
        <test-method is-config="true" signature="setUp()[pri:0, instance:flipTestCases.HomePageTest@2b4bac49]" started-at="2020-07-26T03:06:51 IST" name="setUp" finished-at="2020-07-26T03:07:08 IST" duration-ms="17331" status="PASS">
          <reporter-output>
          </reporter-output>
        </test-method> <!-- setUp -->
        <test-method signature="mensPageTest()[pri:4, instance:flipTestCases.HomePageTest@2b4bac49]" started-at="2020-07-26T03:07:08 IST" name="mensPageTest" finished-at="2020-07-26T03:07:10 IST" duration-ms="1651" status="PASS">
          <reporter-output>
          </reporter-output>
        </test-method> <!-- mensPageTest -->
        <test-method is-config="true" signature="tearDown()[pri:0, instance:flipTestCases.HomePageTest@2b4bac49]" started-at="2020-07-26T03:07:10 IST" name="tearDown" finished-at="2020-07-26T03:07:11 IST" duration-ms="1226" status="PASS">
          <reporter-output>
          </reporter-output>
        </test-method> <!-- tearDown -->
      </class> <!-- flipTestCases.HomePageTest -->
      <class name="flipTestCases.ElectronicsPageTest">
        <test-method is-config="true" signature="setUp()[pri:0, instance:flipTestCases.ElectronicsPageTest@fd07cbb]" started-at="2020-07-26T03:07:11 IST" name="setUp" finished-at="2020-07-26T03:07:29 IST" duration-ms="18410" status="PASS">
          <reporter-output>
          </reporter-output>
        </test-method> <!-- setUp -->
        <test-method signature="validateSamsungLabelTest()[pri:0, instance:flipTestCases.ElectronicsPageTest@fd07cbb]" started-at="2020-07-26T03:07:29 IST" name="validateSamsungLabelTest" finished-at="2020-07-26T03:08:00 IST" duration-ms="30428" status="FAIL">
          <exception class="org.openqa.selenium.NoSuchElementException">
            <message>
              <![CDATA[no such element: Unable to locate element: {"method":"xpath","selector":"//h1[@class='_2yAnYN']"}
  (Session info: chrome=84.0.4147.89)
For documentation on this error, please visit: https://www.seleniumhq.org/exceptions/no_such_element.html
Build info: version: '3.141.59', revision: 'e82be7d358', time: '2018-11-14T08:17:03'
System info: host: 'DESKTOP-TRF2919', ip: '192.168.43.65', os.name: 'Windows 10', os.arch: 'amd64', os.version: '10.0', java.version: '11.0.8'
Driver info: org.openqa.selenium.chrome.ChromeDriver
Capabilities {acceptInsecureCerts: false, browserName: chrome, browserVersion: 84.0.4147.89, chrome: {chromedriverVersion: 83.0.4103.39 (ccbf011cb2d2b..., userDataDir: C:\Users\hp\AppData\Local\T...}, goog:chromeOptions: {debuggerAddress: localhost:59955}, javascriptEnabled: true, networkConnectionEnabled: false, pageLoadStrategy: normal, platform: WINDOWS, platformName: WINDOWS, proxy: Proxy(), setWindowRect: true, strictFileInteractability: false, timeouts: {implicit: 0, pageLoad: 300000, script: 30000}, unhandledPromptBehavior: dismiss and notify, webauthn:virtualAuthenticators: true}
Session ID: d02e57f65c574365869ecc1a8219c973
*** Element info: {Using=xpath, value=//h1[@class='_2yAnYN']}]]>
            </message>
            <full-stacktrace>
              <![CDATA[org.openqa.selenium.NoSuchElementException: no such element: Unable to locate element: {"method":"xpath","selector":"//h1[@class='_2yAnYN']"}
  (Session info: chrome=84.0.4147.89)
For documentation on this error, please visit: https://www.seleniumhq.org/exceptions/no_such_element.html
Build info: version: '3.141.59', revision: 'e82be7d358', time: '2018-11-14T08:17:03'
System info: host: 'DESKTOP-TRF2919', ip: '192.168.43.65', os.name: 'Windows 10', os.arch: 'amd64', os.version: '10.0', java.version: '11.0.8'
Driver info: org.openqa.selenium.chrome.ChromeDriver
Capabilities {acceptInsecureCerts: false, browserName: chrome, browserVersion: 84.0.4147.89, chrome: {chromedriverVersion: 83.0.4103.39 (ccbf011cb2d2b..., userDataDir: C:\Users\hp\AppData\Local\T...}, goog:chromeOptions: {debuggerAddress: localhost:59955}, javascriptEnabled: true, networkConnectionEnabled: false, pageLoadStrategy: normal, platform: WINDOWS, platformName: WINDOWS, proxy: Proxy(), setWindowRect: true, strictFileInteractability: false, timeouts: {implicit: 0, pageLoad: 300000, script: 30000}, unhandledPromptBehavior: dismiss and notify, webauthn:virtualAuthenticators: true}
Session ID: d02e57f65c574365869ecc1a8219c973
*** Element info: {Using=xpath, value=//h1[@class='_2yAnYN']}
at java.base/jdk.internal.reflect.NativeConstructorAccessorImpl.newInstance0(Native Method)
at java.base/jdk.internal.reflect.NativeConstructorAccessorImpl.newInstance(NativeConstructorAccessorImpl.java:62)
at java.base/jdk.internal.reflect.DelegatingConstructorAccessorImpl.newInstance(DelegatingConstructorAccessorImpl.java:45)
at java.base/java.lang.reflect.Constructor.newInstance(Constructor.java:490)
at org.openqa.selenium.remote.http.W3CHttpResponseCodec.createException(W3CHttpResponseCodec.java:187)
at org.openqa.selenium.remote.http.W3CHttpResponseCodec.decode(W3CHttpResponseCodec.java:122)
at org.openqa.selenium.remote.http.W3CHttpResponseCodec.decode(W3CHttpResponseCodec.java:49)
at org.openqa.selenium.remote.HttpCommandExecutor.execute(HttpCommandExecutor.java:158)
at org.openqa.selenium.remote.service.DriverCommandExecutor.execute(DriverCommandExecutor.java:83)
at org.openqa.selenium.remote.RemoteWebDriver.execute(RemoteWebDriver.java:552)
at org.openqa.selenium.remote.RemoteWebDriver.findElement(RemoteWebDriver.java:323)
at org.openqa.selenium.remote.RemoteWebDriver.findElementByXPath(RemoteWebDriver.java:428)
at org.openqa.selenium.By$ByXPath.findElement(By.java:353)
at org.openqa.selenium.remote.RemoteWebDriver.findElement(RemoteWebDriver.java:315)
at org.openqa.selenium.support.pagefactory.DefaultElementLocator.findElement(DefaultElementLocator.java:69)
at org.openqa.selenium.support.pagefactory.internal.LocatingElementHandler.invoke(LocatingElementHandler.java:38)
at com.sun.proxy.$Proxy9.getText(Unknown Source)
at flipPages.ElectronicsPage.validateSamsungLabel(ElectronicsPage.java:28)
at flipTestCases.ElectronicsPageTest.validateSamsungLabelTest(ElectronicsPageTest.java:44)
at java.base/jdk.internal.reflect.NativeMethodAccessorImpl.invoke0(Native Method)
at java.base/jdk.internal.reflect.NativeMethodAccessorImpl.invoke(NativeMethodAccessorImpl.java:62)
at java.base/jdk.internal.reflect.DelegatingMethodAccessorImpl.invoke(DelegatingMethodAccessorImpl.java:43)
at java.base/java.lang.reflect.Method.invoke(Method.java:566)
at org.testng.internal.MethodInvocationHelper.invokeMethod(MethodInvocationHelper.java:134)
at org.testng.internal.TestInvoker.invokeMethod(TestInvoker.java:597)
at org.testng.internal.TestInvoker.invokeTestMethod(TestInvoker.java:173)
at org.testng.internal.MethodRunner.runInSequence(MethodRunner.java:46)
at org.testng.internal.TestInvoker$MethodInvocationAgent.invoke(TestInvoker.java:816)
at org.testng.internal.TestInvoker.invokeTestMethods(TestInvoker.java:146)
at org.testng.internal.TestMethodWorker.invokeTestMethods(TestMethodWorker.java:146)
at org.testng.internal.TestMethodWorker.run(TestMethodWorker.java:128)
at java.base/java.util.ArrayList.forEach(ArrayList.java:1541)
at org.testng.TestRunner.privateRun(TestRunner.java:766)
at org.testng.TestRunner.run(TestRunner.java:587)
at org.testng.SuiteRunner.runTest(SuiteRunner.java:384)
at org.testng.SuiteRunner.runSequentially(SuiteRunner.java:378)
at org.testng.SuiteRunner.privateRun(SuiteRunner.java:337)
at org.testng.SuiteRunner.run(SuiteRunner.java:286)
at org.testng.SuiteRunnerWorker.runSuite(SuiteRunnerWorker.java:53)
at org.testng.SuiteRunnerWorker.run(SuiteRunnerWorker.java:96)
at org.testng.TestNG.runSuitesSequentially(TestNG.java:1187)
at org.testng.TestNG.runSuitesLocally(TestNG.java:1109)
at org.testng.TestNG.runSuites(TestNG.java:1039)
at org.testng.TestNG.run(TestNG.java:1007)
at org.apache.maven.surefire.testng.TestNGExecutor.run(TestNGExecutor.java:283)
at org.apache.maven.surefire.testng.TestNGXmlTestSuite.execute(TestNGXmlTestSuite.java:75)
at org.apache.maven.surefire.testng.TestNGProvider.invoke(TestNGProvider.java:120)
at org.apache.maven.surefire.booter.ForkedBooter.runSuitesInProcess(ForkedBooter.java:377)
at org.apache.maven.surefire.booter.ForkedBooter.execute(ForkedBooter.java:138)
at org.apache.maven.surefire.booter.ForkedBooter.run(ForkedBooter.java:465)
at org.apache.maven.surefire.booter.ForkedBooter.main(ForkedBooter.java:451)
]]>
            </full-stacktrace>
          </exception> <!-- org.openqa.selenium.NoSuchElementException -->
          <reporter-output>
          </reporter-output>
        </test-method> <!-- validateSamsungLabelTest -->
        <test-method is-config="true" signature="tearDown()[pri:0, instance:flipTestCases.ElectronicsPageTest@fd07cbb]" started-at="2020-07-26T03:08:00 IST" name="tearDown" finished-at="2020-07-26T03:08:01 IST" duration-ms="873" status="PASS">
          <reporter-output>
          </reporter-output>
        </test-method> <!-- tearDown -->
      </class> <!-- flipTestCases.ElectronicsPageTest -->
      <class name="flipTestCases.MenPageTest">
        <test-method is-config="true" signature="setUp()[pri:0, instance:flipTestCases.MenPageTest@3571b748]" started-at="2020-07-26T03:08:01 IST" name="setUp" finished-at="2020-07-26T03:08:20 IST" duration-ms="19373" status="PASS">
          <reporter-output>
          </reporter-output>
        </test-method> <!-- setUp -->
        <test-method signature="shoeLabelTest()[pri:0, instance:flipTestCases.MenPageTest@3571b748]" started-at="2020-07-26T03:08:20 IST" name="shoeLabelTest" finished-at="2020-07-26T03:08:24 IST" duration-ms="3756" status="PASS">
          <reporter-output>
          </reporter-output>
        </test-method> <!-- shoeLabelTest -->
        <test-method is-config="true" signature="tearDown()[pri:0, instance:flipTestCases.MenPageTest@3571b748]" started-at="2020-07-26T03:08:24 IST" name="tearDown" finished-at="2020-07-26T03:08:25 IST" duration-ms="1398" status="PASS">
          <reporter-output>
          </reporter-output>
        </test-method> <!-- tearDown -->
      </class> <!-- flipTestCases.MenPageTest -->
      <class name="flipTestCases.LoginPageTest">
        <test-method is-config="true" signature="setUp()[pri:0, instance:flipTestCases.LoginPageTest@3f56875e]" started-at="2020-07-26T03:05:00 IST" name="setUp" finished-at="2020-07-26T03:05:25 IST" duration-ms="24786" status="PASS">
          <reporter-output>
          </reporter-output>
        </test-method> <!-- setUp -->
        <test-method signature="loginPageTitleTest()[pri:1, instance:flipTestCases.LoginPageTest@3f56875e]" started-at="2020-07-26T03:05:25 IST" name="loginPageTitleTest" finished-at="2020-07-26T03:05:25 IST" duration-ms="17" status="PASS">
          <reporter-output>
          </reporter-output>
        </test-method> <!-- loginPageTitleTest -->
        <test-method is-config="true" signature="tearDown()[pri:0, instance:flipTestCases.LoginPageTest@3f56875e]" started-at="2020-07-26T03:05:25 IST" name="tearDown" finished-at="2020-07-26T03:05:27 IST" duration-ms="1501" status="PASS">
          <reporter-output>
          </reporter-output>
        </test-method> <!-- tearDown -->
        <test-method is-config="true" signature="setUp()[pri:0, instance:flipTestCases.LoginPageTest@3f56875e]" started-at="2020-07-26T03:05:27 IST" name="setUp" finished-at="2020-07-26T03:05:43 IST" duration-ms="16694" status="PASS">
          <reporter-output>
          </reporter-output>
        </test-method> <!-- setUp -->
        <test-method signature="loginTest()[pri:2, instance:flipTestCases.LoginPageTest@3f56875e]" started-at="2020-07-26T03:05:43 IST" name="loginTest" finished-at="2020-07-26T03:05:44 IST" duration-ms="853" status="PASS">
          <reporter-output>
          </reporter-output>
        </test-method> <!-- loginTest -->
        <test-method is-config="true" signature="tearDown()[pri:0, instance:flipTestCases.LoginPageTest@3f56875e]" started-at="2020-07-26T03:05:44 IST" name="tearDown" finished-at="2020-07-26T03:05:45 IST" duration-ms="950" status="PASS">
          <reporter-output>
          </reporter-output>
        </test-method> <!-- tearDown -->
      </class> <!-- flipTestCases.LoginPageTest -->
    </test> <!-- Flipkart Maven Test -->
  </suite> <!-- Flipkart Automation -->
</testng-results>
