<?xml version="1.0" encoding="UTF-8"?>
<testng-results ignored="1" total="2" passed="1" failed="0" skipped="0">
  <reporter-output>
  </reporter-output>
  <suite started-at="2020-04-17T11:13:19 IST" name="Default suite" finished-at="2020-04-17T11:13:40 IST" duration-ms="20685">
    <groups>
    </groups>
    <test started-at="2020-04-17T11:13:19 IST" name="Default test" finished-at="2020-04-17T11:13:40 IST" duration-ms="20685">
      <class name="flipTestCases.LoginPageTest">
        <test-method is-config="true" signature="setUp()[pri:0, instance:flipTestCases.LoginPageTest@2b6faea6]" started-at="2020-04-17T11:13:19 IST" name="setUp" finished-at="2020-04-17T11:13:39 IST" duration-ms="19544" status="PASS">
          <reporter-output>
          </reporter-output>
        </test-method> <!-- setUp -->
        <test-method signature="loginPageTitleTest()[pri:1, instance:flipTestCases.LoginPageTest@2b6faea6]" started-at="2020-04-17T11:13:39 IST" name="loginPageTitleTest" finished-at="2020-04-17T11:13:39 IST" duration-ms="47" status="PASS">
          <reporter-output>
          </reporter-output>
        </test-method> <!-- loginPageTitleTest -->
        <test-method is-config="true" signature="tearDown()[pri:0, instance:flipTestCases.LoginPageTest@2b6faea6]" started-at="2020-04-17T11:13:39 IST" name="tearDown" finished-at="2020-04-17T11:13:40 IST" duration-ms="983" status="PASS">
          <reporter-output>
          </reporter-output>
        </test-method> <!-- tearDown -->
      </class> <!-- flipTestCases.LoginPageTest -->
    </test> <!-- Default test -->
  </suite> <!-- Default suite -->
</testng-results>
